<?xml version="1.0" encoding="UTF-8"?>
<!-- Generated by org.testng.reporters.JUnitReportReporter -->
<testsuite hostname="Aravind" failures="0" tests="1" name="ques5.test1" time="6.303" errors="0" timestamp="2025-08-28T16:10:55 IST" skipped="0">
  <testcase classname="ques5.test1" name="f" time="6.303"/>
</testsuite> <!-- ques5.test1 -->
