<?xml version="1.0" encoding="UTF-8"?>
<!-- Generated by org.testng.reporters.JUnitReportReporter -->
<testsuite hostname="Aravind" failures="0" tests="1" name="ques6.test1" time="5.268" errors="0" timestamp="2025-08-28T16:10:55 IST" skipped="0">
  <testcase classname="ques6.test1" name="f" time="5.268"/>
</testsuite> <!-- ques6.test1 -->
