<?xml version="1.0" encoding="UTF-8"?>
<!-- Generated by org.testng.reporters.JUnitReportReporter -->
<testsuite hostname="Aravind" failures="0" tests="2" name="Selenium_practice.NewTest" time="17.345" errors="0" timestamp="2025-08-18T10:54:54 IST" skipped="0">
  <testcase classname="Selenium_practice.NewTest" name="f" time="7.286"/>
  <testcase classname="Selenium_practice.NewTest" name="f" time="10.059"/>
</testsuite> <!-- Selenium_practice.NewTest -->
