<?xml version="1.0" encoding="UTF-8"?>
<!-- Generated by org.testng.reporters.JUnitReportReporter -->
<testsuite hostname="Aravind" failures="0" tests="2" name="Selenium.Lab_8_1" time="8.885" errors="0" timestamp="2025-08-18T16:45:10 IST" skipped="0">
  <testcase classname="Selenium.Lab_8_1" name="f" time="4.700">
    <system-out>
      <![CDATA[Starting test with sort index: 2 and product: Mac (1)
Navigated to homepage
Clicked on Desktops link
Selected product: Mac (1)
Sorted products using index: 2
Clicked on Add to Cart button
Test completed successfully for product: Mac (1)]]>
    </system-out>
  </testcase> <!-- f -->
  <testcase classname="Selenium.Lab_8_1" name="f" time="4.185">
    <system-out>
      <![CDATA[Starting test with sort index: 1 and product: Mac (1)
Navigated to homepage
Clicked on Desktops link
Selected product: Mac (1)
Sorted products using index: 1
Clicked on Add to Cart button
Test completed successfully for product: Mac (1)]]>
    </system-out>
  </testcase> <!-- f -->
  <system-out>
    <![CDATA[BeforeClass executed
Browser launched and maximized
Starting test with sort index: 1 and product: Mac (1)
Navigated to homepage
Clicked on Desktops link
Selected product: Mac (1)
Sorted products using index: 1
Clicked on Add to Cart button
Test completed successfully for product: Mac (1)
Browser closed
Browser launched and maximized
Starting test with sort index: 2 and product: Mac (1)
Navigated to homepage
Clicked on Desktops link
Selected product: Mac (1)
Sorted products using index: 2
Clicked on Add to Cart button
Test completed successfully for product: Mac (1)
Browser closed
AfterClass executed]]>
  </system-out>
</testsuite> <!-- Selenium.Lab_8_1 -->
