<?xml version="1.0" encoding="UTF-8"?>
<!-- Generated by org.testng.reporters.JUnitReportReporter -->
<testsuite hostname="Aravind" failures="0" tests="2" name="Selenium.Lab_8_2" time="8.994" errors="0" timestamp="2025-08-18T15:39:21 IST" skipped="0">
  <testcase classname="Selenium.Lab_8_2" name="f" time="5.338"/>
  <testcase classname="Selenium.Lab_8_2" name="f" time="3.656"/>
</testsuite> <!-- Selenium.Lab_8_2 -->
